{
  "0 debug pnpm:scope": {
    "selected": 1
  },
  "1 error pnpm": {
    "errno": 2,
    "code": "ELIFECYCLE",
    "pkgid": "01.basic_webpack@1.0.0",
    "stage": "build",
    "script": "webpack --config config/webpack.prod.config.js",
    "pkgname": "01.basic_webpack",
    "err": {
      "name": "pnpm",
      "message": "01.basic_webpack@1.0.0 build: `webpack --config config/webpack.prod.config.js`\nExit status 2",
      "code": "ELIFECYCLE",
      "stack": "pnpm: 01.basic_webpack@1.0.0 build: `webpack --config config/webpack.prod.config.js`\nExit status 2\n    at EventEmitter.<anonymous> (C:\\Users\\wkb\\AppData\\Local\\pnpm\\global\\5\\.pnpm\\pnpm@7.1.7\\node_modules\\pnpm\\dist\\pnpm.cjs:106952:20)\n    at EventEmitter.emit (node:events:527:28)\n    at ChildProcess.<anonymous> (C:\\Users\\wkb\\AppData\\Local\\pnpm\\global\\5\\.pnpm\\pnpm@7.1.7\\node_modules\\pnpm\\dist\\pnpm.cjs:93518:18)\n    at ChildProcess.emit (node:events:527:28)\n    at maybeClose (node:internal/child_process:1092:16)\n    at Process.ChildProcess._handle.onexit (node:internal/child_process:302:5)"
    }
  },
  "2 warn pnpm:global": " Local package.json exists, but node_modules missing, did you mean to install?"
}